<testsuites id="" name="" tests="4" failures="0" skipped="0" errors="0" time="59.70984699999998">
<testsuite name="api.spec.js" timestamp="2026-03-24T20:58:11.395Z" hostname="chromium" tests="3" failures="0" skipped="0" time="2.795" errors="0">
<testcase name="API: reqres.in User CRUD Flow › POST /api/users → Create user, validate 201 and store userId @API" classname="api.spec.js" time="1.578">
<system-out>
<![CDATA[
[[ATTACHMENT|api-API-reqres-in-User-CRU-f1440-te-201-and-store-userId-API-chromium\trace.zip]]
]]>
</system-out>
</testcase>
<testcase name="API: reqres.in User CRUD Flow › GET /api/users/{id} → Fetch created user and validate details @API" classname="api.spec.js" time="0.769">
<system-out>
<![CDATA[
[[ATTACHMENT|api-API-reqres-in-User-CRU-8b384-er-and-validate-details-API-chromium\trace.zip]]
]]>
</system-out>
</testcase>
<testcase name="API: reqres.in User CRUD Flow › PUT /api/users/{id} → Update user name and validate @API" classname="api.spec.js" time="0.448">
<system-out>
<![CDATA[
[[ATTACHMENT|api-API-reqres-in-User-CRU-75b73--user-name-and-validate-API-chromium\trace.zip]]
]]>
</system-out>
</testcase>
</testsuite>
<testsuite name="ui.spec.js" timestamp="2026-03-24T20:58:11.395Z" hostname="chromium" tests="1" failures="0" skipped="0" time="39.099" errors="0">
<testcase name="UI: DemoQA Book Store Flow › Full book store flow: login → search → log book → logout @UI" classname="ui.spec.js" time="39.099">
<system-out>
<![CDATA[Results written to C:\Users\user\OneDrive - Momentus Technologies\Documents\playwright-automation\results\results.txt

[[ATTACHMENT|ui-UI-DemoQA-Book-Store-Fl-7308b-arch-→-log-book-→-logout-UI-chromium\trace.zip]]
]]>
</system-out>
</testcase>
</testsuite>
</testsuites>